<?xml version="1.0" encoding="UTF-8"?>
<testng-results skipped="0" failed="1" ignored="0" total="3" passed="2">
  <reporter-output>
  </reporter-output>
  <suite name="Suite" duration-ms="90094" started-at="2020-09-17T07:00:23 IST" finished-at="2020-09-17T07:01:53 IST">
    <groups>
    </groups>
    <test name="Test" duration-ms="90094" started-at="2020-09-17T07:00:23 IST" finished-at="2020-09-17T07:01:53 IST">
      <class name="scripts.DeliveryProduct">
        <test-method status="PASS" signature="openapp()[pri:0, instance:scripts.DeliveryProduct@3224f60b]" name="openapp" is-config="true" duration-ms="10169" started-at="2020-09-17T07:01:06 IST" finished-at="2020-09-17T07:01:16 IST">
          <reporter-output>
          </reporter-output>
        </test-method> <!-- openapp -->
        <test-method status="PASS" signature="productdelivery()[pri:0, instance:scripts.DeliveryProduct@3224f60b]" name="productdelivery" duration-ms="12517" started-at="2020-09-17T07:01:16 IST" finished-at="2020-09-17T07:01:28 IST">
          <reporter-output>
          </reporter-output>
        </test-method> <!-- productdelivery -->
        <test-method status="PASS" signature="closeapp(org.testng.ITestResult)[pri:0, instance:scripts.DeliveryProduct@3224f60b]" name="closeapp" is-config="true" duration-ms="3104" started-at="2020-09-17T07:01:28 IST" finished-at="2020-09-17T07:01:31 IST">
          <params>
            <param index="0">
              <value>
                <![CDATA[[TestResult name=productdelivery status=SUCCESS method=DeliveryProduct.productdelivery()[pri:0, instance:scripts.DeliveryProduct@3224f60b] output={null}]]]>
              </value>
            </param>
          </params>
          <reporter-output>
          </reporter-output>
        </test-method> <!-- closeapp -->
      </class> <!-- scripts.DeliveryProduct -->
      <class name="scripts.Contatctus">
        <test-method status="PASS" signature="openapp()[pri:0, instance:scripts.Contatctus@63e2203c]" name="openapp" is-config="true" duration-ms="12971" started-at="2020-09-17T07:01:31 IST" finished-at="2020-09-17T07:01:44 IST">
          <reporter-output>
          </reporter-output>
        </test-method> <!-- openapp -->
        <test-method status="FAIL" signature="contacting()[pri:0, instance:scripts.Contatctus@63e2203c]" name="contacting" duration-ms="7332" started-at="2020-09-17T07:01:44 IST" finished-at="2020-09-17T07:01:52 IST">
          <exception class="org.openqa.selenium.InvalidArgumentException">
            <message>
              <![CDATA[invalid argument: File not found : C:UsersHPDesktopjava199inhertiances.pptx.docx
  (Session info: chrome=85.0.4183.102)
Build info: version: '3.141.59', revision: 'e82be7d358', time: '2018-11-14T08:17:03'
System info: host: 'SKILLRAY', ip: '192.168.43.149', os.name: 'Windows 10', os.arch: 'amd64', os.version: '10.0', java.version: '1.8.0_191'
Driver info: org.openqa.selenium.chrome.ChromeDriver
Capabilities {acceptInsecureCerts: false, browserName: chrome, browserVersion: 85.0.4183.102, chrome: {chromedriverVersion: 84.0.4147.30 (48b3e868b4cc0..., userDataDir: C:\Users\HP\AppData\Local\T...}, goog:chromeOptions: {debuggerAddress: localhost:63598}, javascriptEnabled: true, networkConnectionEnabled: false, pageLoadStrategy: normal, platform: WINDOWS, platformName: WINDOWS, proxy: Proxy(), setWindowRect: true, strictFileInteractability: false, timeouts: {implicit: 0, pageLoad: 300000, script: 30000}, unhandledPromptBehavior: dismiss and notify, webauthn:virtualAuthenticators: true}
Session ID: 55e59b7d9313434a4b0a38b7d8a78685]]>
            </message>
            <full-stacktrace>
              <![CDATA[org.openqa.selenium.InvalidArgumentException: invalid argument: File not found : C:UsersHPDesktopjava199inhertiances.pptx.docx
  (Session info: chrome=85.0.4183.102)
Build info: version: '3.141.59', revision: 'e82be7d358', time: '2018-11-14T08:17:03'
System info: host: 'SKILLRAY', ip: '192.168.43.149', os.name: 'Windows 10', os.arch: 'amd64', os.version: '10.0', java.version: '1.8.0_191'
Driver info: org.openqa.selenium.chrome.ChromeDriver
Capabilities {acceptInsecureCerts: false, browserName: chrome, browserVersion: 85.0.4183.102, chrome: {chromedriverVersion: 84.0.4147.30 (48b3e868b4cc0..., userDataDir: C:\Users\HP\AppData\Local\T...}, goog:chromeOptions: {debuggerAddress: localhost:63598}, javascriptEnabled: true, networkConnectionEnabled: false, pageLoadStrategy: normal, platform: WINDOWS, platformName: WINDOWS, proxy: Proxy(), setWindowRect: true, strictFileInteractability: false, timeouts: {implicit: 0, pageLoad: 300000, script: 30000}, unhandledPromptBehavior: dismiss and notify, webauthn:virtualAuthenticators: true}
Session ID: 55e59b7d9313434a4b0a38b7d8a78685
at sun.reflect.NativeConstructorAccessorImpl.newInstance0(Native Method)
at sun.reflect.NativeConstructorAccessorImpl.newInstance(Unknown Source)
at sun.reflect.DelegatingConstructorAccessorImpl.newInstance(Unknown Source)
at java.lang.reflect.Constructor.newInstance(Unknown Source)
at org.openqa.selenium.remote.http.W3CHttpResponseCodec.createException(W3CHttpResponseCodec.java:187)
at org.openqa.selenium.remote.http.W3CHttpResponseCodec.decode(W3CHttpResponseCodec.java:122)
at org.openqa.selenium.remote.http.W3CHttpResponseCodec.decode(W3CHttpResponseCodec.java:49)
at org.openqa.selenium.remote.HttpCommandExecutor.execute(HttpCommandExecutor.java:158)
at org.openqa.selenium.remote.service.DriverCommandExecutor.execute(DriverCommandExecutor.java:83)
at org.openqa.selenium.remote.RemoteWebDriver.execute(RemoteWebDriver.java:552)
at org.openqa.selenium.remote.RemoteWebElement.execute(RemoteWebElement.java:285)
at org.openqa.selenium.remote.RemoteWebElement.sendKeys(RemoteWebElement.java:106)
at sun.reflect.NativeMethodAccessorImpl.invoke0(Native Method)
at sun.reflect.NativeMethodAccessorImpl.invoke(Unknown Source)
at sun.reflect.DelegatingMethodAccessorImpl.invoke(Unknown Source)
at java.lang.reflect.Method.invoke(Unknown Source)
at org.openqa.selenium.support.pagefactory.internal.LocatingElementHandler.invoke(LocatingElementHandler.java:51)
at com.sun.proxy.$Proxy9.sendKeys(Unknown Source)
at pages.ContactusPage.sendaddress(ContactusPage.java:39)
at scripts.Contatctus.contacting(Contatctus.java:18)
at sun.reflect.NativeMethodAccessorImpl.invoke0(Native Method)
at sun.reflect.NativeMethodAccessorImpl.invoke(Unknown Source)
at sun.reflect.DelegatingMethodAccessorImpl.invoke(Unknown Source)
at java.lang.reflect.Method.invoke(Unknown Source)
at org.testng.internal.MethodInvocationHelper.invokeMethod(MethodInvocationHelper.java:133)
at org.testng.internal.TestInvoker.invokeMethod(TestInvoker.java:584)
at org.testng.internal.TestInvoker.invokeTestMethod(TestInvoker.java:172)
at org.testng.internal.MethodRunner.runInSequence(MethodRunner.java:46)
at org.testng.internal.TestInvoker$MethodInvocationAgent.invoke(TestInvoker.java:804)
at org.testng.internal.TestInvoker.invokeTestMethods(TestInvoker.java:145)
at org.testng.internal.TestMethodWorker.invokeTestMethods(TestMethodWorker.java:146)
at org.testng.internal.TestMethodWorker.run(TestMethodWorker.java:128)
at java.util.ArrayList.forEach(Unknown Source)
at org.testng.TestRunner.privateRun(TestRunner.java:770)
at org.testng.TestRunner.run(TestRunner.java:591)
at org.testng.SuiteRunner.runTest(SuiteRunner.java:402)
at org.testng.SuiteRunner.runSequentially(SuiteRunner.java:396)
at org.testng.SuiteRunner.privateRun(SuiteRunner.java:355)
at org.testng.SuiteRunner.run(SuiteRunner.java:304)
at org.testng.SuiteRunnerWorker.runSuite(SuiteRunnerWorker.java:53)
at org.testng.SuiteRunnerWorker.run(SuiteRunnerWorker.java:96)
at org.testng.TestNG.runSuitesSequentially(TestNG.java:1180)
at org.testng.TestNG.runSuitesLocally(TestNG.java:1102)
at org.testng.TestNG.runSuites(TestNG.java:1032)
at org.testng.TestNG.run(TestNG.java:1000)
at org.testng.remote.AbstractRemoteTestNG.run(AbstractRemoteTestNG.java:115)
at org.testng.remote.RemoteTestNG.initAndRun(RemoteTestNG.java:251)
at org.testng.remote.RemoteTestNG.main(RemoteTestNG.java:77)
]]>
            </full-stacktrace>
          </exception> <!-- org.openqa.selenium.InvalidArgumentException -->
          <reporter-output>
          </reporter-output>
        </test-method> <!-- contacting -->
        <test-method status="PASS" signature="closeapp(org.testng.ITestResult)[pri:0, instance:scripts.Contatctus@63e2203c]" name="closeapp" is-config="true" duration-ms="1550" started-at="2020-09-17T07:01:52 IST" finished-at="2020-09-17T07:01:53 IST">
          <params>
            <param index="0">
              <value>
                <![CDATA[[TestResult name=contacting status=FAILURE method=Contatctus.contacting()[pri:0, instance:scripts.Contatctus@63e2203c] output={null}]]]>
              </value>
            </param>
          </params>
          <reporter-output>
          </reporter-output>
        </test-method> <!-- closeapp -->
      </class> <!-- scripts.Contatctus -->
      <class name="scripts.AddingProducttoCart">
        <test-method status="PASS" signature="openapp()[pri:0, instance:scripts.AddingProducttoCart@3b084709]" name="openapp" is-config="true" duration-ms="13935" started-at="2020-09-17T07:00:23 IST" finished-at="2020-09-17T07:00:37 IST">
          <reporter-output>
          </reporter-output>
        </test-method> <!-- openapp -->
        <test-method status="PASS" signature="addingtocart()[pri:0, instance:scripts.AddingProducttoCart@3b084709]" name="addingtocart" duration-ms="25407" started-at="2020-09-17T07:00:37 IST" finished-at="2020-09-17T07:01:03 IST">
          <reporter-output>
          </reporter-output>
        </test-method> <!-- addingtocart -->
        <test-method status="PASS" signature="closeapp(org.testng.ITestResult)[pri:0, instance:scripts.AddingProducttoCart@3b084709]" name="closeapp" is-config="true" duration-ms="2865" started-at="2020-09-17T07:01:03 IST" finished-at="2020-09-17T07:01:06 IST">
          <params>
            <param index="0">
              <value>
                <![CDATA[[TestResult name=addingtocart status=SUCCESS method=AddingProducttoCart.addingtocart()[pri:0, instance:scripts.AddingProducttoCart@3b084709] output={null}]]]>
              </value>
            </param>
          </params>
          <reporter-output>
          </reporter-output>
        </test-method> <!-- closeapp -->
      </class> <!-- scripts.AddingProducttoCart -->
    </test> <!-- Test -->
  </suite> <!-- Suite -->
</testng-results>
